<?xml version="1.0" encoding="UTF-8"?>
<testng-results ignored="0" total="2" passed="2" failed="0" skipped="0">
  <reporter-output>
  </reporter-output>
  <suite started-at="2022-07-27T08:26:52 IST" name="Suite" finished-at="2022-07-27T08:26:52 IST" duration-ms="110">
    <groups>
    </groups>
    <test started-at="2022-07-27T08:26:52 IST" name="Test" finished-at="2022-07-27T08:26:52 IST" duration-ms="110">
      <class name="com.tests.RcbValidations">
        <test-method signature="validateForeignPlayers()[pri:0, instance:com.tests.RcbValidations@481ba2cf]" started-at="2022-07-27T08:26:52 IST" name="validateForeignPlayers" description="Validate the No. of foreign players are equal to 4" finished-at="2022-07-27T08:26:52 IST" duration-ms="19" status="PASS">
          <reporter-output>
          </reporter-output>
        </test-method> <!-- validateForeignPlayers -->
        <test-method signature="validateWicketKeepers()[pri:0, instance:com.tests.RcbValidations@481ba2cf]" started-at="2022-07-27T08:26:52 IST" name="validateWicketKeepers" description="Validate the team has at least one wicket keeper" finished-at="2022-07-27T08:26:52 IST" duration-ms="5" status="PASS">
          <reporter-output>
          </reporter-output>
        </test-method> <!-- validateWicketKeepers -->
      </class> <!-- com.tests.RcbValidations -->
    </test> <!-- Test -->
  </suite> <!-- Suite -->
</testng-results>
